<?xml version="1.0" encoding="UTF-8"?>
<testsuite xmlns:xsi="http://www.w3.org/2001/XMLSchema-instance" xsi:noNamespaceSchemaLocation="https://maven.apache.org/surefire/maven-surefire-plugin/xsd/surefire-test-report-3.0.xsd" version="3.0" name="hu.testacademy.db.SqlIntegrationTest" time="0.247" tests="1" errors="0" skipped="0" failures="0">
  <properties>
[...]
</properties>
  <testcase name="testAccountBalanceDeduction_EndToEnd" classname="hu.testacademy.db.SqlIntegrationTest" time="0.033">
    <system-out><![CDATA[✅ In-Memory H2 Adatbázis Elindult! Tábla és 101-es felhasználó (5000 Ft) rögzítve.
--> Kezdő egyenleg az adatbázisban: 5000
--> [MOCKED API ENGINE]: Pénz levonása folyamatban (Transaction -2000 Ft)...
--> Végső egyenleg a backend DB-ben: 3000
]]></system-out>
  </testcase>
</testsuite>